app/build/intermediates/manifest_merge_blame_file/release/manifest-merger-blame-release-report.txt
1<?xml version="1.0" encoding="utf-8"?>
2<manifest xmlns:android="http://schemas.android.com/apk/res/android"
3    package="com.example.myapplication"
4    android:versionCode="1"
5    android:versionName="1.0" >
6
7    <uses-sdk
8        android:minSdkVersion="15"
8-->src\main\AndroidManifest.xml
9        android:targetSdkVersion="29" />
9-->src\main\AndroidManifest.xml
10
11    <uses-permission android:name="android.permission.INTERNET" />
11-->src\main\AndroidManifest.xml:5:5-67
11-->src\main\AndroidManifest.xml:5:22-64
12
13    <application
13-->src\main\AndroidManifest.xml:7:5-39:19
14        android:allowBackup="true"
14-->src\main\AndroidManifest.xml:8:9-35
15        android:appComponentFactory="androidx.core.app.CoreComponentFactory"
15-->[androidx.core:core:1.1.0] AndroidManifest.xml:24:18-86
16        android:icon="@mipmap/ic_launcher"
16-->src\main\AndroidManifest.xml:9:9-43
17        android:label="@string/app_name"
17-->src\main\AndroidManifest.xml:10:9-41
18        android:roundIcon="@mipmap/ic_launcher_round"
18-->src\main\AndroidManifest.xml:11:9-54
19        android:supportsRtl="true"
19-->src\main\AndroidManifest.xml:12:9-35
20        android:theme="@style/AppTheme" >
20-->src\main\AndroidManifest.xml:13:9-40
21        <activity android:name="com.example.myapplication.game_result" />
21-->src\main\AndroidManifest.xml:14:9-58
21-->src\main\AndroidManifest.xml:14:19-46
22        <activity android:name="com.example.myapplication.game" />
22-->src\main\AndroidManifest.xml:15:9-42
22-->src\main\AndroidManifest.xml:15:19-39
23        <activity android:name="com.example.myapplication.memberinfo" />
23-->src\main\AndroidManifest.xml:16:9-48
23-->src\main\AndroidManifest.xml:16:19-45
24        <activity android:name="com.example.myapplication.Ranking" />
24-->src\main\AndroidManifest.xml:17:9-45
24-->src\main\AndroidManifest.xml:17:19-42
25        <activity android:name="com.example.myapplication.Champion" />
25-->src\main\AndroidManifest.xml:18:9-46
25-->src\main\AndroidManifest.xml:18:19-43
26        <activity android:name="com.example.myapplication.Write_List" />
26-->src\main\AndroidManifest.xml:19:9-48
26-->src\main\AndroidManifest.xml:19:19-45
27        <activity android:name="com.example.myapplication.Write_List2" />
27-->src\main\AndroidManifest.xml:20:9-49
27-->src\main\AndroidManifest.xml:20:19-46
28        <activity android:name="com.example.myapplication.Write" />
28-->src\main\AndroidManifest.xml:21:9-43
28-->src\main\AndroidManifest.xml:21:19-40
29        <activity android:name="com.example.myapplication.Reset_pw" />
29-->src\main\AndroidManifest.xml:22:9-46
29-->src\main\AndroidManifest.xml:22:19-43
30        <activity android:name="com.example.myapplication.Reset_pw_modify" />
30-->src\main\AndroidManifest.xml:23:9-53
30-->src\main\AndroidManifest.xml:23:19-50
31        <activity android:name="com.example.myapplication.Find_Pw" />
31-->src\main\AndroidManifest.xml:24:9-45
31-->src\main\AndroidManifest.xml:24:19-42
32        <activity android:name="com.example.myapplication.Find_id" />
32-->src\main\AndroidManifest.xml:25:9-45
32-->src\main\AndroidManifest.xml:25:19-42
33        <activity android:name="com.example.myapplication.Sign" />
33-->src\main\AndroidManifest.xml:26:9-42
33-->src\main\AndroidManifest.xml:26:19-39
34        <activity android:name="com.example.myapplication.RecordActivity" />
34-->src\main\AndroidManifest.xml:27:9-52
34-->src\main\AndroidManifest.xml:27:19-49
35        <activity android:name="com.example.myapplication.Login" />
35-->src\main\AndroidManifest.xml:28:9-43
35-->src\main\AndroidManifest.xml:28:19-40
36        <activity android:name="com.example.myapplication.MainActivity" />
36-->src\main\AndroidManifest.xml:29:9-50
36-->src\main\AndroidManifest.xml:29:19-47
37        <activity android:name="com.example.myapplication.community" />
37-->src\main\AndroidManifest.xml:30:9-47
37-->src\main\AndroidManifest.xml:30:19-44
38        <activity android:name="com.example.myapplication.community2" />
38-->src\main\AndroidManifest.xml:31:9-48
38-->src\main\AndroidManifest.xml:31:19-45
39        <activity android:name="com.example.myapplication.loadingActivity" >
39-->src\main\AndroidManifest.xml:32:9-38:20
39-->src\main\AndroidManifest.xml:32:19-50
40            <intent-filter>
40-->src\main\AndroidManifest.xml:33:13-37:29
41                <action android:name="android.intent.action.MAIN" />
41-->src\main\AndroidManifest.xml:34:17-69
41-->src\main\AndroidManifest.xml:34:25-66
42
43                <category android:name="android.intent.category.LAUNCHER" />
43-->src\main\AndroidManifest.xml:36:17-77
43-->src\main\AndroidManifest.xml:36:27-74
44            </intent-filter>
45        </activity>
46
47        <provider
47-->[androidx.lifecycle:lifecycle-process:2.1.0] AndroidManifest.xml:23:9-27:43
48            android:name="androidx.lifecycle.ProcessLifecycleOwnerInitializer"
48-->[androidx.lifecycle:lifecycle-process:2.1.0] AndroidManifest.xml:24:13-79
49            android:authorities="com.example.myapplication.lifecycle-process"
49-->[androidx.lifecycle:lifecycle-process:2.1.0] AndroidManifest.xml:25:13-69
50            android:exported="false"
50-->[androidx.lifecycle:lifecycle-process:2.1.0] AndroidManifest.xml:26:13-37
51            android:multiprocess="true" />
51-->[androidx.lifecycle:lifecycle-process:2.1.0] AndroidManifest.xml:27:13-40
52    </application>
53
54</manifest>